0 info it worked if it ends with ok
1 verbose cli [ '/usr/local/bin/node',
1 verbose cli   '/usr/local/bin/npm',
1 verbose cli   'install',
1 verbose cli   '-g',
1 verbose cli   'apn',
1 verbose cli   '--save' ]
2 info using npm@1.4.28
3 info using node@v0.10.35
4 verbose cache add [ 'apn', null ]
5 verbose cache add name=undefined spec="apn" args=["apn",null]
6 verbose parsed url { protocol: null,
6 verbose parsed url   slashes: null,
6 verbose parsed url   auth: null,
6 verbose parsed url   host: null,
6 verbose parsed url   port: null,
6 verbose parsed url   hostname: null,
6 verbose parsed url   hash: null,
6 verbose parsed url   search: null,
6 verbose parsed url   query: null,
6 verbose parsed url   pathname: 'apn',
6 verbose parsed url   path: 'apn',
6 verbose parsed url   href: 'apn' }
7 silly lockFile 541d0bb8-apn apn
8 verbose lock apn /Users/Nitesh/.npm/541d0bb8-apn.lock
9 silly lockFile 541d0bb8-apn apn
10 silly lockFile 541d0bb8-apn apn
11 verbose addNamed [ 'apn', '' ]
12 verbose addNamed [ null, '*' ]
13 silly lockFile 9adafc8c-apn apn@
14 verbose lock apn@ /Users/Nitesh/.npm/9adafc8c-apn.lock
15 silly addNameRange { name: 'apn', range: '*', hasData: false }
16 verbose request where is /apn
17 verbose request registry https://registry.npmjs.org/
18 verbose request id 0327bc2322bb0de6
19 verbose url raw /apn
20 verbose url resolving [ 'https://registry.npmjs.org/', './apn' ]
21 verbose url resolved https://registry.npmjs.org/apn
22 verbose request where is https://registry.npmjs.org/apn
23 info trying registry request attempt 1 at 19:25:33
24 verbose etag "CV82T8TNELQN9E9GPAIV4DW2C"
25 http GET https://registry.npmjs.org/apn
26 http 304 https://registry.npmjs.org/apn
27 silly registry.get cb [ 304,
27 silly registry.get   { date: 'Sat, 10 Jan 2015 03:25:35 GMT',
27 silly registry.get     server: 'Apache',
27 silly registry.get     via: '1.1 varnish',
27 silly registry.get     'last-modified': 'Sat, 10 Jan 2015 03:25:35 GMT',
27 silly registry.get     'cache-control': 'max-age=60',
27 silly registry.get     etag: '"CV82T8TNELQN9E9GPAIV4DW2C"',
27 silly registry.get     age: '0',
27 silly registry.get     'x-served-by': 'cache-lax1422-LAX',
27 silly registry.get     'x-cache': 'MISS',
27 silly registry.get     'x-cache-hits': '0',
27 silly registry.get     'x-timer': 'S1420860335.338043,VS0,VE178',
27 silly registry.get     vary: 'Accept',
27 silly registry.get     'content-length': '0',
27 silly registry.get     'keep-alive': 'timeout=10, max=50',
27 silly registry.get     connection: 'Keep-Alive' } ]
28 verbose etag https://registry.npmjs.org/apn from cache
29 silly addNameRange number 2 { name: 'apn', range: '*', hasData: true }
30 silly addNameRange versions [ 'apn',
30 silly addNameRange   [ '1.1.1',
30 silly addNameRange     '1.0.6',
30 silly addNameRange     '1.1.0',
30 silly addNameRange     '1.0.5',
30 silly addNameRange     '1.0.4',
30 silly addNameRange     '1.0.3',
30 silly addNameRange     '1.0.2',
30 silly addNameRange     '1.0.1',
30 silly addNameRange     '1.0.0',
30 silly addNameRange     '1.1.2',
30 silly addNameRange     '1.0.7',
30 silly addNameRange     '1.1.3',
30 silly addNameRange     '1.1.4',
30 silly addNameRange     '1.1.5',
30 silly addNameRange     '1.1.6',
30 silly addNameRange     '1.1.7',
30 silly addNameRange     '1.2.0',
30 silly addNameRange     '1.2.1',
30 silly addNameRange     '1.2.2',
30 silly addNameRange     '1.2.3',
30 silly addNameRange     '1.2.4',
30 silly addNameRange     '1.2.5',
30 silly addNameRange     '1.2.6',
30 silly addNameRange     '1.3.0',
30 silly addNameRange     '1.3.1',
30 silly addNameRange     '1.3.2',
30 silly addNameRange     '1.3.3',
30 silly addNameRange     '1.3.4',
30 silly addNameRange     '1.3.5',
30 silly addNameRange     '1.3.6',
30 silly addNameRange     '1.3.7',
30 silly addNameRange     '1.3.8',
30 silly addNameRange     '1.4.0',
30 silly addNameRange     '1.4.1',
30 silly addNameRange     '1.4.2',
30 silly addNameRange     '1.4.3',
30 silly addNameRange     '1.4.4',
30 silly addNameRange     '1.5.1',
30 silly addNameRange     '1.5.2',
30 silly addNameRange     '1.6.0',
30 silly addNameRange     '1.6.1',
30 silly addNameRange     '1.6.2' ] ]
31 verbose addNamed [ 'apn', '1.6.2' ]
32 verbose addNamed [ '1.6.2', '1.6.2' ]
33 silly lockFile 715d65a6-apn-1-6-2 apn@1.6.2
34 verbose lock apn@1.6.2 /Users/Nitesh/.npm/715d65a6-apn-1-6-2.lock
35 silly lockFile 715d65a6-apn-1-6-2 apn@1.6.2
36 silly lockFile 715d65a6-apn-1-6-2 apn@1.6.2
37 silly lockFile 9adafc8c-apn apn@
38 silly lockFile 9adafc8c-apn apn@
39 silly resolved [ { name: 'apn',
39 silly resolved     description: 'An interface to the Apple Push Notification service for Node.js',
39 silly resolved     version: '1.6.2',
39 silly resolved     author: { name: 'Andrew Naylor', email: 'argon@mkbot.net' },
39 silly resolved     contributors: [ [Object] ],
39 silly resolved     keywords:
39 silly resolved      [ 'apple',
39 silly resolved        'push',
39 silly resolved        'push notifications',
39 silly resolved        'iOS',
39 silly resolved        'apns',
39 silly resolved        'notifications' ],
39 silly resolved     main: 'index.js',
39 silly resolved     bugs:
39 silly resolved      { url: 'https://github.com/argon/node-apn/issues',
39 silly resolved        email: 'argon@mkbot.net' },
39 silly resolved     repository: { type: 'git', url: 'https://github.com/argon/node-apn.git' },
39 silly resolved     dependencies: { q: '1.x' },
39 silly resolved     devDependencies: { mocha: '*', chai: '*', 'chai-as-promised': '*' },
39 silly resolved     scripts: { test: 'mocha -w' },
39 silly resolved     engines: { node: '>= 0.6.14' },
39 silly resolved     license: 'MIT',
39 silly resolved     gitHead: 'bb81c39b5b79961a6f79937023bb1715dee4f621',
39 silly resolved     homepage: 'https://github.com/argon/node-apn',
39 silly resolved     _id: 'apn@1.6.2',
39 silly resolved     _shasum: 'c074d41220bdb7e6a19502075d4feba1968383f3',
39 silly resolved     _from: 'apn@',
39 silly resolved     _npmVersion: '2.0.0-alpha-5',
39 silly resolved     _npmUser: { name: 'argon', email: 'argon@mkbot.net' },
39 silly resolved     maintainers: [ [Object] ],
39 silly resolved     dist:
39 silly resolved      { shasum: 'c074d41220bdb7e6a19502075d4feba1968383f3',
39 silly resolved        tarball: 'http://registry.npmjs.org/apn/-/apn-1.6.2.tgz' },
39 silly resolved     directories: {},
39 silly resolved     _resolved: 'https://registry.npmjs.org/apn/-/apn-1.6.2.tgz',
39 silly resolved     readme: 'ERROR: No README data found!' } ]
40 info install apn@1.6.2 into /usr/local/lib
41 info installOne apn@1.6.2
42 verbose lib/node_modules/apn unbuild
43 verbose tar unpack /Users/Nitesh/.npm/apn/1.6.2/package.tgz
44 silly lockFile 5c44efd1-r-usr-local-lib-node-modules-apn tar:///usr/local/lib/node_modules/apn
45 verbose lock tar:///usr/local/lib/node_modules/apn /Users/Nitesh/.npm/5c44efd1-r-usr-local-lib-node-modules-apn.lock
46 silly lockFile c3a6e33c-Nitesh-npm-apn-1-6-2-package-tgz tar:///Users/Nitesh/.npm/apn/1.6.2/package.tgz
47 verbose lock tar:///Users/Nitesh/.npm/apn/1.6.2/package.tgz /Users/Nitesh/.npm/c3a6e33c-Nitesh-npm-apn-1-6-2-package-tgz.lock
48 silly gunzTarPerm modes [ '755', '644' ]
49 error Error: EACCES, mkdir '/usr/local/lib/node_modules/apn'
49 error  { [Error: EACCES, mkdir '/usr/local/lib/node_modules/apn']
49 error   errno: 3,
49 error   code: 'EACCES',
49 error   path: '/usr/local/lib/node_modules/apn',
49 error   fstream_type: 'Directory',
49 error   fstream_path: '/usr/local/lib/node_modules/apn',
49 error   fstream_class: 'DirWriter',
49 error   fstream_stack:
49 error    [ '/usr/local/lib/node_modules/npm/node_modules/fstream/lib/dir-writer.js:36:23',
49 error      '/usr/local/lib/node_modules/npm/node_modules/mkdirp/index.js:46:53',
49 error      'Object.oncomplete (fs.js:108:15)' ] }
50 error Please try running this command again as root/Administrator.
51 error System Darwin 14.0.0
52 error command "/usr/local/bin/node" "/usr/local/bin/npm" "install" "-g" "apn" "--save"
53 error cwd /Users/Nitesh/Developer/trackerApp/trackerServer
54 error node -v v0.10.35
55 error npm -v 1.4.28
56 error path /usr/local/lib/node_modules/apn
57 error fstream_path /usr/local/lib/node_modules/apn
58 error fstream_type Directory
59 error fstream_class DirWriter
60 error code EACCES
61 error errno 3
62 error stack Error: EACCES, mkdir '/usr/local/lib/node_modules/apn'
63 error fstream_stack /usr/local/lib/node_modules/npm/node_modules/fstream/lib/dir-writer.js:36:23
63 error fstream_stack /usr/local/lib/node_modules/npm/node_modules/mkdirp/index.js:46:53
63 error fstream_stack Object.oncomplete (fs.js:108:15)
64 verbose exit [ 3, true ]
